g unsigned int
In file included from user/mp2_5.c:3:
./user/user.h:36:19: note: expected ‘void *’ but argument is of type ‘long unsigned int’
   36 | int madvise(void *base, int len, int advise);
      |             ~~~~~~^~~~
user/mp2_5.c:26:24: warning: passing argument 1 of ‘madvise’ makes pointer from integer without a cast [-Wint-conversion]
   26 |   madvise((uint64) ptr + 5*PG_SIZE, PG_SIZE - 1,  MADV_DONTNEED); // sixth page are swapped out
      |                        ^
      |                        |
      |                        long unsigned int
In file included from user/mp2_5.c:3:
./user/user.h:36:19: note: expected ‘void *’ but argument is of type ‘long unsigned int’
   36 | int madvise(void *base, int len, int advise);
      |             ~~~~~~^~~~
user/mp2_5.c:36:3: warning: implicit declaration of function ‘pgprint’; did you mean ‘vmprint’? [-Wimplicit-function-declaration]
   36 |   pgprint();
      |   ^~~~~~~
      |   vmprint
user/custom_1.c: In function ‘main’:
user/custom_1.c:14:11: warning: unused variable ‘ptr’ [-Wunused-variable]
   14 |     char *ptr = malloc(NR_PG * PG_SIZE);
      |           ^~~
user/custom_2.c: In function ‘main’:
user/custom_2.c:28:25: warning: passing argument 1 of ‘madvise’ makes pointer from integer without a cast [-Wint-conversion]
   28 |    madvise((uint64) ptr + lef*PG_SIZE, (rig-lef+1)*PG_SIZE, MADV_DONTNEED);
      |                         ^
      |                         |
      |                         long unsigned int
In file included from user/custom_2.c:3:
./user/user.h:36:19: note: expected ‘void *’ but argument is of type ‘long unsigned int’
   36 | int madvise(void *base, int len, int advise);
      |             ~~~~~~^~~~
user/custom_2.c:31:25: warning: passing argument 1 of ‘madvise’ makes pointer from integer without a cast [-Wint-conversion]
   31 |    madvise((uint64) ptr + lef*PG_SIZE, (rig-lef+1)*PG_SIZE, MADV_WILLNEED);
      |                         ^
      |                         |
      |                         long unsigned int
In file included from user/custom_2.c:3:
./user/user.h:36:19: note: expected ‘void *’ but argument is of type ‘long unsigned int’
   36 | int madvise(void *base, int len, int advise);
      |             ~~~~~~^~~~
user/custom_3.c: In function ‘main’:
user/custom_3.c:17:23: warning: passing argument 1 of ‘madvise’ makes pointer from integer without a cast [-Wint-conversion]
   17 |  madvise((uint64) ptr + 7*PG_SIZE, PG_SIZE,  MADV_PIN); //pin 10
      |                       ^
      |                       |
      |                       long unsigned int
In file included from user/custom_3.c:3:
./user/user.h:36:19: note: expected ‘void *’ but argument is of type ‘long unsigned int’
   36 | int madvise(void *base, int len, int advise);
      |             ~~~~~~^~~~
user/custom_3.c:21:23: warning: passing argument 1 of ‘madvise’ makes pointer from integer without a cast [-Wint-conversion]
   21 |  madvise((uint64) ptr + 4*PG_SIZE, 3*PG_SIZE,  MADV_DONTNEED); //dontneed 7 8 9
      |                       ^
      |                       |
      |                       long unsigned int
In file included from user/custom_3.c:3:
./user/user.h:36:19: note: expected ‘void *’ but argument is of type ‘long unsigned int’
   36 | int madvise(void *base, int len, int advise);
      |             ~~~~~~^~~~
user/custom_3.c:25:23: warning: passing argument 1 of ‘madvise’ makes pointer from integer without a cast [-Wint-conversion]
   25 |  madvise((uint64) ptr + 7*PG_SIZE, PG_SIZE,  MADV_UNPIN); //unpin 10
      |                       ^
      |                       |
      |                       long unsigned int
In file included from user/custom_3.c:3:
./user/user.h:36:19: note: expected ‘void *’ but argument is of type ‘long unsigned int’
   36 | int madvise(void *base, int len, int advise);
      |             ~~~~~~^~~~
user/custom_3.c:34:23: warning: passing argument 1 of ‘madvise’ makes pointer from integer without a cast [-Wint-conversion]
   34 |  madvise((uint64) ptr + 7*PG_SIZE, PG_SIZE,  MADV_DONTNEED); //dontneed 10
      |                       ^
      |                       |
      |                       long unsigned int
In file included from user/custom_3.c:3:
./user/user.h:36:19: note: expected ‘void *’ but argument is of type ‘long unsigned int’
   36 | int madvise(void *base, int len, int advise);
      |             ~~~~~~^~~~
user/custom_3.c:45:23: warning: passing argument 1 of ‘madvise’ makes pointer from integer without a cast [-Wint-conversion]
   45 |  madvise((uint64) ptr + 7*PG_SIZE, PG_SIZE,  MADV_DONTNEED); //dontneed 10
      |                       ^
      |                       |
      |                       long unsigned int
In file included from user/custom_3.c:3:
./user/user.h:36:19: note: expected ‘void *’ but argument is of type ‘long unsigned int’
   36 | int madvise(void *base, int len, int advise);
      |             ~~~~~~^~~~
user/custom_3.c:54:23: warning: passing argument 1 of ‘madvise’ makes pointer from integer without a cast [-Wint-conversion]
   54 |  madvise((uint64) ptr + 7*PG_SIZE, PG_SIZE,  MADV_DONTNEED); //dontneed 10
      |                       ^
      |                       |
      |                       long unsigned int
In file included from user/custom_3.c:3:
./user/user.h:36:19: note: expected ‘void *’ but argument is of type ‘long unsigned int’
   36 | int madvise(void *base, int len, int advise);
      |             ~~~~~~^~~~
user/custom_3.c:57:23: warning: passing argument 1 of ‘madvise’ makes pointer from integer without a cast [-Wint-conversion]
   57 |  madvise((uint64) ptr + 7*PG_SIZE, PG_SIZE,  MADV_WILLNEED); //dontneed 10
      |                       ^
      |                       |
      |                       long unsigned int
In file included from user/custom_3.c:3:
./user/user.h:36:19: note: expected ‘void *’ but argument is of type ‘long unsigned int’
   36 | int madvise(void *base, int len, int advise);
      |             ~~~~~~^~~~
user/custom_4.c: In function ‘main’:
user/custom_4.c:16:23: warning: passing argument 1 of ‘madvise’ makes pointer from integer without a cast [-Wint-conversion]
   16 |  madvise((uint64) ptr + 3*PG_SIZE, PG_SIZE,  MADV_PIN); //pin 6
      |                       ^
      |                       |
      |                       long unsigned int
In file included from user/custom_4.c:3:
./user/user.h:36:19: note: expected ‘void *’ but argument is of type ‘long unsigned int’
   36 | int madvise(void *base, int len, int advise);
      |             ~~~~~~^~~~
user/custom_4.c:18:2: warning: implicit declaration of function ‘pgprint’; did you mean ‘vmprint’? [-Wimplicit-function-declaration]
   18 |  pgprint();
      |  ^~~~~~~
      |  vmprint
user/custom_4.c:20:23: warning: passing argument 1 of ‘madvise’ makes pointer from integer without a cast [-Wint-conversion]
   20 |  madvise((uint64) ptr + 12*PG_SIZE, PG_SIZE,  MADV_PIN); //pin 15
      |                       ^
      |                       |
      |                       long unsigned int
In file included from user/custom_4.c:3:
./user/user.h:36:19: note: expected ‘void *’ but argument is of type ‘long unsigned int’
   36 | int madvise(void *base, int len, int advise);
      |             ~~~~~~^~~~
user/custom_4.c:24:23: warning: passing argument 1 of ‘madvise’ makes pointer from integer without a cast [-Wint-conversion]
   24 |  madvise((uint64) ptr + 10*PG_SIZE, PG_SIZE,  MADV_PIN); //pin 13
      |                       ^
      |                       |
      |                       long unsigned int
In file included from user/custom_4.c:3:
./user/user.h:36:19: note: expected ‘void *’ but argument is of type ‘long unsigned int’
   36 | int madvise(void *base, int len, int advise);
      |             ~~~~~~^~~~
user/custom_4.c:33:23: warning: passing argument 1 of ‘madvise’ makes pointer from integer without a cast [-Wint-conversion]
   33 |  madvise((uint64) ptr + 10*PG_SIZE, PG_SIZE,  MADV_UNPIN); //unpin 13
      |                       ^
      |                       |
      |                       long unsigned int
In file included from user/custom_4.c:3:
./user/user.h:36:19: note: expected ‘void *’ but argument is of type ‘long unsigned int’
   36 | int madvise(void *base, int len, int advise);
      |             ~~~~~~^~~~
user/custom_4.c:37:23: warning: passing argument 1 of ‘madvise’ makes pointer from integer without a cast [-Wint-conversion]
   37 |  madvise((uint64) ptr + 10*PG_SIZE, PG_SIZE,  MADV_DONTNEED); //dontneed 13
      |                       ^
      |                       |
      |                       long unsigned int
In file included from user/custom_4.c:3:
./user/user.h:36:19: note: expected ‘void *’ but argument is of type ‘long unsigned int’
   36 | int madvise(void *base, int len, int advise);
      |             ~~~~~~^~~~
user/custom_4.c:48:23: warning: passing argument 1 of ‘madvise’ makes pointer from integer without a cast [-Wint-conversion]
   48 |  madvise((uint64) ptr + 3*PG_SIZE, PG_SIZE,  MADV_UNPIN); //unpin 6
      |                       ^
      |                       |
      |                       long unsigned int
In file included from user/custom_4.c:3:
./user/user.h:36:19: note: expected ‘void *’ but argument is of type ‘long unsigned int’
   36 | int madvise(void *base, int len, int advise);
      |             ~~~~~~^~~~
user/custom_4.c:50:23: warning: passing argument 1 of ‘madvise’ makes pointer from integer without a cast [-Wint-conversion]
   50 |  madvise((uint64) ptr + 3*PG_SIZE, PG_SIZE,  MADV_DONTNEED); //dontneed 6
      |                       ^
      |                       |
      |                       long unsigned int
In file included from user/custom_4.c:3:
./user/user.h:36:19: note: expected ‘void *’ but argument is of type ‘long unsigned int’
   36 | int madvise(void *base, int len, int advise);
      |             ~~~~~~^~~~
user/custom_4.c:55:24: warning: passing argument 1 of ‘madvise’ makes pointer from integer without a cast [-Wint-conversion]
   55 |   madvise((uint64) ptr + (i-3)*PG_SIZE, PG_SIZE,  MADV_PIN);
      |                        ^
      |                        |
      |                        long unsigned int
In file included from user/custom_4.c:3:
./user/user.h:36:19: note: expected ‘void *’ but argument is of type ‘long unsigned int’
   36 | int madvise(void *base, int len, int advise);
      |             ~~~~~~^~~~
user/custom_4.c:61:23: warning: passing argument 1 of ‘madvise’ makes pointer from integer without a cast [-Wint-conversion]
   61 |  madvise((uint64) ptr + 14*PG_SIZE, PG_SIZE,  MADV_WILLNEED); //willneed 17
      |                       ^
      |                       |
      |                       long unsigned int
In file included from user/custom_4.c:3:
./user/user.h:36:19: note: expected ‘void *’ but argument is of type ‘long unsigned int’
   36 | int madvise(void *base, int len, int advise);
      |             ~~~~~~^~~~
user/custom_5.c: In function ‘main’:
user/custom_5.c:16:24: warning: passing argument 1 of ‘madvise’ makes pointer from integer without a cast [-Wint-conversion]
   16 |   madvise((uint64) ptr + 3*PG_SIZE, PG_SIZE,  MADV_PIN); //pin 6
      |                        ^
      |                        |
      |                        long unsigned int
In file included from user/custom_5.c:3:
./user/user.h:36:19: note: expected ‘void *’ but argument is of type ‘long unsigned int’
   36 | int madvise(void *base, int len, int advise);
      |             ~~~~~~^~~~
user/custom_5.c:18:3: warning: implicit declaration of function ‘pgprint’; did you mean ‘vmprint’? [-Wimplicit-function-declaration]
   18 |   pgprint();
      |   ^~~~~~~
      |   vmprint
user/custom_5.c:20:24: warning: passing argument 1 of ‘madvise’ makes pointer from integer without a cast [-Wint-conversion]
   20 |   madvise((uint64) ptr + 4*PG_SIZE, 3*PG_SIZE,  MADV_DONTNEED); //dontneed 7 8 9
      |                        ^
      |                        |
      |                        long unsigned int
In file included from user/custom_5.c:3:
./user/user.h:36:19: note: expected ‘void *’ but argument is of type ‘long unsigned int’
   36 | int madvise(void *base, int len, int advise);
      |             ~~~~~~^~~~
user/custom_5.c:32:24: warning: passing argument 1 of ‘madvise’ makes pointer from integer without a cast [-Wint-conversion]
   32 |   madvise((uint64) ptr + 3*PG_SIZE, PG_SIZE,  MADV_UNPIN); //unpin 6
      |                        ^
      |                        |
      |                        long unsigned int
In file included from user/custom_5.c:3:
./user/user.h:36:19: note: expected ‘void *’ but argument is of type ‘long unsigned int’
   36 | int madvise(void *base, int len, int advise);
      |             ~~~~~~^~~~
user/custom_5.c:35:24: warning: passing argument 1 of ‘madvise’ makes pointer from integer without a cast [-Wint-conversion]
   35 |   madvise((uint64) ptr + 3*PG_SIZE, PG_SIZE,  MADV_DONTNEED); //dontneed 6
      |                        ^
      |                        |
      |                        long unsigned int
In file included from user/custom_5.c:3:
./user/user.h:36:19: note: expected ‘void *’ but argument is of type ‘long unsigned int’
   36 | int madvise(void *base, int len, int advise);
      |             ~~~~~~^~~~
user/custom_5.c:40:24: warning: passing argument 1 of ‘madvise’ makes pointer from integer without a cast [-Wint-conversion]
   40 |   madvise((uint64) ptr + 3*PG_SIZE, 4*PG_SIZE,  MADV_WILLNEED); //willneed 6 7 8 9
      |                        ^
      |                        |
      |                        long unsigned int
In file included from user/custom_5.c:3:
./user/user.h:36:19: note: expected ‘void *’ but argument is of type ‘long unsigned int’
   36 | int madvise(void *base, int len, int advise);
      |             ~~~~~~^~~~
user/custom_5.c:47:23: warning: passing argument 1 of ‘madvise’ makes pointer from integer without a cast [-Wint-conversion]
   47 |  madvise((uint64) ptr + (i-3)*PG_SIZE, PG_SIZE,  MADV_PIN);
      |                       ^
      |                       |
      |                       long unsigned int
In file included from user/custom_5.c:3:
./user/user.h:36:19: note: expected ‘void *’ but argument is of type ‘long unsigned int’
   36 | int madvise(void *base, int len, int advise);
      |             ~~~~~~^~~~
user/custom_5.c:53:24: warning: passing argument 1 of ‘madvise’ makes pointer from integer without a cast [-Wint-conversion]
   53 |   madvise((uint64) ptr + 14*PG_SIZE, PG_SIZE,  MADV_WILLNEED); //willneed 17
      |                        ^
      |                        |
      |                        long unsigned int
In file included from user/custom_5.c:3:
./user/user.h:36:19: note: expected ‘void *’ but argument is of type ‘long unsigned int’
   36 | int madvise(void *base, int len, int advise);
      |             ~~~~~~^~~~
nmeta 46 (boot, super, log blocks 30 inode blocks 13, bitmap blocks 1) blocks 954 total 1000
balloc: first 878 blocks have been allocated
balloc: write bitmap block at sector 45
*** Now run 'gdb' in another window.

xv6 kernel is booting

hart 1 starting
hart 2 starting
init: starting sh
$ custom_4
page table 0x0000000087f49000
+-- 0: pte=0x0000000087f49000 va=0x0000000000000000 pa=0x0000000087f45000 V
|   +-- 0: pte=0x0000000087f45000 va=0x0000000000000000 pa=0x0000000087f44000 V
|       +-- 0: pte=0x0000000087f44000 va=0x0000000000000000 pa=0x0000000087f46000 V R W X U
|       +-- 1: pte=0x0000000087f44008 va=0x0000000000001000 pa=0x0000000087f43000 V R W X
|       +-- 2: pte=0x0000000087f44010 va=0x0000000000002000 pa=0x0000000087f42000 V R W X U D
+-- 255: pte=0x0000000087f497f8 va=0x0000003fc0000000 pa=0x0000000087f48000 V
    +-- 511: pte=0x0000000087f48ff8 va=0x0000003fffe00000 pa=0x0000000087f47000 V
        +-- 510: pte=0x0000000087f47ff0 va=0x0000003fffffe000 pa=0x0000000087f65000 V R W D
        +-- 511: pte=0x0000000087f47ff8 va=0x0000003ffffff000 pa=0x0000000080007000 V R X
After malloc
page table 0x0000000087f49000
+-- 0: pte=0x0000000087f49000 va=0x0000000000000000 pa=0x0000000087f45000 V
|   +-- 0: pte=0x0000000087f45000 va=0x0000000000000000 pa=0x0000000087f44000 V
|       +-- 0: pte=0x0000000087f44000 va=0x0000000000000000 pa=0x0000000087f46000 V R W X U D
|       +-- 1: pte=0x0000000087f44008 va=0x0000000000001000 pa=0x0000000087f43000 V R W X
|       +-- 2: pte=0x0000000087f44010 va=0x0000000000002000 pa=0x0000000087f42000 V R W X U D
|       +-- 3: pte=0x0000000087f44018 va=0x0000000000003000 pa=0x0000000087f4a000 V R W X U D
|       +-- 4: pte=0x0000000087f44020 va=0x0000000000004000 pa=0x0000000087f76000 V R W X U
|       +-- 5: pte=0x0000000087f44028 va=0x0000000000005000 pa=0x0000000087f75000 V R W X U
|       +-- 6: pte=0x0000000087f44030 va=0x0000000000006000 pa=0x0000000087f74000 V R W X U
|       +-- 7: pte=0x0000000087f44038 va=0x0000000000007000 pa=0x0000000087f73000 V R W X U
|       +-- 8: pte=0x0000000087f44040 va=0x0000000000008000 pa=0x0000000087f66000 V R W X U
|       +-- 9: pte=0x0000000087f44048 va=0x0000000000009000 pa=0x0000000087f4b000 V R W X U
|       +-- 10: pte=0x0000000087f44050 va=0x000000000000a000 pa=0x0000000087f4c000 V R W X U
|       +-- 11: pte=0x0000000087f44058 va=0x000000000000b000 pa=0x0000000087f4d000 V R W X U
|       +-- 12: pte=0x0000000087f44060 va=0x000000000000c000 pa=0x0000000087f4e000 V R W X U
|       +-- 13: pte=0x0000000087f44068 va=0x000000000000d000 pa=0x0000000087f4f000 V R W X U
|       +-- 14: pte=0x0000000087f44070 va=0x000000000000e000 pa=0x0000000087f50000 V R W X U
|       +-- 15: pte=0x0000000087f44078 va=0x000000000000f000 pa=0x0000000087f51000 V R W X U
|       +-- 16: pte=0x0000000087f44080 va=0x0000000000010000 pa=0x0000000087f52000 V R W X U
|       +-- 17: pte=0x0000000087f44088 va=0x0000000000011000 pa=0x0000000087f53000 V R W X U
|       +-- 18: pte=0x0000000087f44090 va=0x0000000000012000 pa=0x0000000087f54000 V R W X U
|       +-- 19: pte=0x0000000087f44098 va=0x0000000000013000 pa=0x0000000087f55000 V R W X U
+-- 255: pte=0x0000000087f497f8 va=0x0000003fc0000000 pa=0x0000000087f48000 V
    +-- 511: pte=0x0000000087f48ff8 va=0x0000003fffe00000 pa=0x0000000087f47000 V
        +-- 510: pte=0x0000000087f47ff0 va=0x0000003fffffe000 pa=0x0000000087f65000 V R W D
        +-- 511: pte=0x0000000087f47ff8 va=0x0000003ffffff000 pa=0x0000000080007000 V R X
After madvise(MADV_PIN 6)
Page replacement buffers
------Start------------
pte: 0x0000000087f44068
pte: 0x0000000087f44070
pte: 0x0000000087f44078
pte: 0x0000000087f44080
pte: 0x0000000087f44088
pte: 0x0000000087f44090
pte: 0x0000000087f44098
pte: 0x0000000087f44030
------End--------------
After madvise(MADV_PIN 15)
Page replacement buffers
------Start------------
pte: 0x0000000087f44068
pte: 0x0000000087f44070
pte: 0x0000000087f44078
pte: 0x0000000087f44080
pte: 0x0000000087f44088
pte: 0x0000000087f44090
pte: 0x0000000087f44098
pte: 0x0000000087f44030
------End--------------
After madvise(MADV_PIN 13)
Page replacement buffers
------Start------------
pte: 0x0000000087f44068
pte: 0x0000000087f44070
pte: 0x0000000087f44078
pte: 0x0000000087f44080
pte: 0x0000000087f44088
pte: 0x0000000087f44090
pte: 0x0000000087f44098
pte: 0x0000000087f44030
------End--------------
After malloc
page table 0x0000000087f49000
+-- 0: pte=0x0000000087f49000 va=0x0000000000000000 pa=0x0000000087f45000 V
|   +-- 0: pte=0x0000000087f45000 va=0x0000000000000000 pa=0x0000000087f44000 V
|       +-- 0: pte=0x0000000087f44000 va=0x0000000000000000 pa=0x0000000087f46000 V R W X U D
|       +-- 1: pte=0x0000000087f44008 va=0x0000000000001000 pa=0x0000000087f43000 V R W X
|       +-- 2: pte=0x0000000087f44010 va=0x0000000000002000 pa=0x0000000087f42000 V R W X U D
|       +-- 3: pte=0x0000000087f44018 va=0x0000000000003000 pa=0x0000000087f4a000 V R W X U D
|       +-- 4: pte=0x0000000087f44020 va=0x0000000000004000 pa=0x0000000087f76000 V R W X U
|       +-- 5: pte=0x0000000087f44028 va=0x0000000000005000 pa=0x0000000087f75000 V R W X U
|       +-- 6: pte=0x0000000087f44030 va=0x0000000000006000 pa=0x0000000087f74000 V R W X U P
|       +-- 7: pte=0x0000000087f44038 va=0x0000000000007000 pa=0x0000000087f73000 V R W X U
|       +-- 8: pte=0x0000000087f44040 va=0x0000000000008000 pa=0x0000000087f66000 V R W X U
|       +-- 9: pte=0x0000000087f44048 va=0x0000000000009000 pa=0x0000000087f4b000 V R W X U
|       +-- 10: pte=0x0000000087f44050 va=0x000000000000a000 pa=0x0000000087f4c000 V R W X U
|       +-- 11: pte=0x0000000087f44058 va=0x000000000000b000 pa=0x0000000087f4d000 V R W X U
|       +-- 12: pte=0x0000000087f44060 va=0x000000000000c000 pa=0x0000000087f4e000 V R W X U
|       +-- 13: pte=0x0000000087f44068 va=0x000000000000d000 pa=0x0000000087f4f000 V R W X U P
|       +-- 14: pte=0x0000000087f44070 va=0x000000000000e000 pa=0x0000000087f50000 V R W X U
|       +-- 15: pte=0x0000000087f44078 va=0x000000000000f000 pa=0x0000000087f51000 V R W X U P
|       +-- 16: pte=0x0000000087f44080 va=0x0000000000010000 pa=0x0000000087f52000 V R W X U
|       +-- 17: pte=0x0000000087f44088 va=0x0000000000011000 pa=0x0000000087f53000 V R W X U
|       +-- 18: pte=0x0000000087f44090 va=0x0000000000012000 pa=0x0000000087f54000 V R W X U
|       +-- 19: pte=0x0000000087f44098 va=0x0000000000013000 pa=0x0000000087f55000 V R W X U D
|       +-- 20: pte=0x0000000087f440a0 va=0x0000000000014000 pa=0x0000000087f56000 V R W X U
|       +-- 21: pte=0x0000000087f440a8 va=0x0000000000015000 pa=0x0000000087f57000 V R W X U
|       +-- 22: pte=0x0000000087f440b0 va=0x0000000000016000 pa=0x0000000087f58000 V R W X U
|       +-- 23: pte=0x0000000087f440b8 va=0x0000000000017000 pa=0x0000000087f59000 V R W X U
|       +-- 24: pte=0x0000000087f440c0 va=0x0000000000018000 pa=0x0000000087f5a000 V R W X U
|       +-- 25: pte=0x0000000087f440c8 va=0x0000000000019000 pa=0x0000000087f5b000 V R W X U
|       +-- 26: pte=0x0000000087f440d0 va=0x000000000001a000 pa=0x0000000087f72000 V R W X U
|       +-- 27: pte=0x0000000087f440d8 va=0x000000000001b000 pa=0x0000000087f67000 V R W X U
|       +-- 28: pte=0x0000000087f440e0 va=0x000000000001c000 pa=0x0000000087f71000 V R W X U
|       +-- 29: pte=0x0000000087f440e8 va=0x000000000001d000 pa=0x0000000087f41000 V R W X U
|       +-- 30: pte=0x0000000087f440f0 va=0x000000000001e000 pa=0x0000000087f40000 V R W X U
|       +-- 31: pte=0x0000000087f440f8 va=0x000000000001f000 pa=0x0000000087f3f000 V R W X U
|       +-- 32: pte=0x0000000087f44100 va=0x0000000000020000 pa=0x0000000087f3e000 V R W X U
|       +-- 33: pte=0x0000000087f44108 va=0x0000000000021000 pa=0x0000000087f3d000 V R W X U D
|       +-- 34: pte=0x0000000087f44110 va=0x0000000000022000 pa=0x0000000087f3c000 V R W X U
|       +-- 35: pte=0x0000000087f44118 va=0x0000000000023000 pa=0x0000000087f3b000 V R W X U
+-- 255: pte=0x0000000087f497f8 va=0x0000003fc0000000 pa=0x0000000087f48000 V
    +-- 511: pte=0x0000000087f48ff8 va=0x0000003fffe00000 pa=0x0000000087f47000 V
        +-- 510: pte=0x0000000087f47ff0 va=0x0000003fffffe000 pa=0x0000000087f65000 V R W D
        +-- 511: pte=0x0000000087f47ff8 va=0x0000003ffffff000 pa=0x0000000080007000 V R X
Page replacement buffers
------Start------------
pte: 0x0000000087f44068
pte: 0x0000000087f44078
pte: 0x0000000087f44030
pte: 0x0000000087f440f8
pte: 0x0000000087f44100
pte: 0x0000000087f44108
pte: 0x0000000087f44110
pte: 0x0000000087f44118
------End--------------
After madvise(MADV_UNPIN 12)
Page replacement buffers
------Start------------
pte: 0x0000000087f44068
pte: 0x0000000087f44078
pte: 0x0000000087f44030
pte: 0x0000000087f440f8
pte: 0x0000000087f44100
pte: 0x0000000087f44108
pte: 0x0000000087f44110
pte: 0x0000000087f44118
------End--------------
After madvise(MADV_DONTNEED 13)
page table 0x0000000087f49000
+-- 0: pte=0x0000000087f49000 va=0x0000000000000000 pa=0x0000000087f45000 V
|   +-- 0: pte=0x0000000087f45000 va=0x0000000000000000 pa=0x0000000087f44000 V
|       +-- 0: pte=0x0000000087f44000 va=0x0000000000000000 pa=0x0000000087f46000 V R W X U D
|       +-- 1: pte=0x0000000087f44008 va=0x0000000000001000 pa=0x0000000087f43000 V R W X
|       +-- 2: pte=0x0000000087f44010 va=0x0000000000002000 pa=0x0000000087f42000 V R W X U D
|       +-- 3: pte=0x0000000087f44018 va=0x0000000000003000 pa=0x0000000087f4a000 V R W X U D
|       +-- 4: pte=0x0000000087f44020 va=0x0000000000004000 pa=0x0000000087f76000 V R W X U
|       +-- 5: pte=0x0000000087f44028 va=0x0000000000005000 pa=0x0000000087f75000 V R W X U
|       +-- 6: pte=0x0000000087f44030 va=0x0000000000006000 pa=0x0000000087f74000 V R W X U P
|       +-- 7: pte=0x0000000087f44038 va=0x0000000000007000 pa=0x0000000087f73000 V R W X U
|       +-- 8: pte=0x0000000087f44040 va=0x0000000000008000 pa=0x0000000087f66000 V R W X U
|       +-- 9: pte=0x0000000087f44048 va=0x0000000000009000 pa=0x0000000087f4b000 V R W X U
|       +-- 10: pte=0x0000000087f44050 va=0x000000000000a000 pa=0x0000000087f4c000 V R W X U
|       +-- 11: pte=0x0000000087f44058 va=0x000000000000b000 pa=0x0000000087f4d000 V R W X U
|       +-- 12: pte=0x0000000087f44060 va=0x000000000000c000 pa=0x0000000087f4e000 V R W X U
|       +-- 13: pte=0x0000000087f44068 va=0x000000000000d000 blockno=0x0000000000000370 R W X U S
|       +-- 14: pte=0x0000000087f44070 va=0x000000000000e000 pa=0x0000000087f50000 V R W X U
|       +-- 15: pte=0x0000000087f44078 va=0x000000000000f000 pa=0x0000000087f51000 V R W X U P
|       +-- 16: pte=0x0000000087f44080 va=0x0000000000010000 pa=0x0000000087f52000 V R W X U
|       +-- 17: pte=0x0000000087f44088 va=0x0000000000011000 pa=0x0000000087f53000 V R W X U
|       +-- 18: pte=0x0000000087f44090 va=0x0000000000012000 pa=0x0000000087f54000 V R W X U
|       +-- 19: pte=0x0000000087f44098 va=0x0000000000013000 pa=0x0000000087f55000 V R W X U D
|       +-- 20: pte=0x0000000087f440a0 va=0x0000000000014000 pa=0x0000000087f56000 V R W X U
|       +-- 21: pte=0x0000000087f440a8 va=0x0000000000015000 pa=0x0000000087f57000 V R W X U
|       +-- 22: pte=0x0000000087f440b0 va=0x0000000000016000 pa=0x0000000087f58000 V R W X U
|       +-- 23: pte=0x0000000087f440b8 va=0x0000000000017000 pa=0x0000000087f59000 V R W X U
|       +-- 24: pte=0x0000000087f440c0 va=0x0000000000018000 pa=0x0000000087f5a000 V R W X U
|       +-- 25: pte=0x0000000087f440c8 va=0x0000000000019000 pa=0x0000000087f5b000 V R W X U
|       +-- 26: pte=0x0000000087f440d0 va=0x000000000001a000 pa=0x0000000087f72000 V R W X U
|       +-- 27: pte=0x0000000087f440d8 va=0x000000000001b000 pa=0x0000000087f67000 V R W X U
|       +-- 28: pte=0x0000000087f440e0 va=0x000000000001c000 pa=0x0000000087f71000 V R W X U
|       +-- 29: pte=0x0000000087f440e8 va=0x000000000001d000 pa=0x0000000087f41000 V R W X U
|       +-- 30: pte=0x0000000087f440f0 va=0x000000000001e000 pa=0x0000000087f40000 V R W X U
|       +-- 31: pte=0x0000000087f440f8 va=0x000000000001f000 pa=0x0000000087f3f000 V R W X U
|       +-- 32: pte=0x0000000087f44100 va=0x0000000000020000 pa=0x0000000087f3e000 V R W X U
|       +-- 33: pte=0x0000000087f44108 va=0x0000000000021000 pa=0x0000000087f3d000 V R W X U D
|       +-- 34: pte=0x0000000087f44110 va=0x0000000000022000 pa=0x0000000087f3c000 V R W X U
|       +-- 35: pte=0x0000000087f44118 va=0x0000000000023000 pa=0x0000000087f3b000 V R W X U
+-- 255: pte=0x0000000087f497f8 va=0x0000003fc0000000 pa=0x0000000087f48000 V
    +-- 511: pte=0x0000000087f48ff8 va=0x0000003fffe00000 pa=0x0000000087f47000 V
        +-- 510: pte=0x0000000087f47ff0 va=0x0000003fffffe000 pa=0x0000000087f65000 V R W D
        +-- 511: pte=0x0000000087f47ff8 va=0x0000003ffffff000 pa=0x0000000080007000 V R X
Page replacement buffers
------Start------------
pte: 0x0000000087f44078
pte: 0x0000000087f44030
pte: 0x0000000087f440f8
pte: 0x0000000087f44100
pte: 0x0000000087f44108
pte: 0x0000000087f44110
pte: 0x0000000087f44118
------End--------------
Page fault and swap in
page table 0x0000000087f49000
+-- 0: pte=0x0000000087f49000 va=0x0000000000000000 pa=0x0000000087f45000 V
|   +-- 0: pte=0x0000000087f45000 va=0x0000000000000000 pa=0x0000000087f44000 V
|       +-- 0: pte=0x0000000087f44000 va=0x0000000000000000 pa=0x0000000087f46000 V R W X U D
|       +-- 1: pte=0x0000000087f44008 va=0x0000000000001000 pa=0x0000000087f43000 V R W X
|       +-- 2: pte=0x0000000087f44010 va=0x0000000000002000 pa=0x0000000087f42000 V R W X U D
|       +-- 3: pte=0x0000000087f44018 va=0x0000000000003000 pa=0x0000000087f4a000 V R W X U D
|       +-- 4: pte=0x0000000087f44020 va=0x0000000000004000 pa=0x0000000087f76000 V R W X U
|       +-- 5: pte=0x0000000087f44028 va=0x0000000000005000 pa=0x0000000087f75000 V R W X U
|       +-- 6: pte=0x0000000087f44030 va=0x0000000000006000 pa=0x0000000087f74000 V R W X U P
|       +-- 7: pte=0x0000000087f44038 va=0x0000000000007000 pa=0x0000000087f73000 V R W X U
|       +-- 8: pte=0x0000000087f44040 va=0x0000000000008000 pa=0x0000000087f66000 V R W X U
|       +-- 9: pte=0x0000000087f44048 va=0x0000000000009000 pa=0x0000000087f4b000 V R W X U
|       +-- 10: pte=0x0000000087f44050 va=0x000000000000a000 pa=0x0000000087f4c000 V R W X U
|       +-- 11: pte=0x0000000087f44058 va=0x000000000000b000 pa=0x0000000087f4d000 V R W X U
|       +-- 12: pte=0x0000000087f44060 va=0x000000000000c000 pa=0x0000000087f4e000 V R W X U
|       +-- 13: pte=0x0000000087f44068 va=0x000000000000d000 pa=0x0000000087f4f000 V R W X U D
|       +-- 14: pte=0x0000000087f44070 va=0x000000000000e000 pa=0x0000000087f50000 V R W X U
|       +-- 15: pte=0x0000000087f44078 va=0x000000000000f000 pa=0x0000000087f51000 V R W X U P
|       +-- 16: pte=0x0000000087f44080 va=0x0000000000010000 pa=0x0000000087f52000 V R W X U
|       +-- 17: pte=0x0000000087f44088 va=0x0000000000011000 pa=0x0000000087f53000 V R W X U
|       +-- 18: pte=0x0000000087f44090 va=0x0000000000012000 pa=0x0000000087f54000 V R W X U
|       +-- 19: pte=0x0000000087f44098 va=0x0000000000013000 pa=0x0000000087f55000 V R W X U D
|       +-- 20: pte=0x0000000087f440a0 va=0x0000000000014000 pa=0x0000000087f56000 V R W X U
|       +-- 21: pte=0x0000000087f440a8 va=0x0000000000015000 pa=0x0000000087f57000 V R W X U
|       +-- 22: pte=0x0000000087f440b0 va=0x0000000000016000 pa=0x0000000087f58000 V R W X U
|       +-- 23: pte=0x0000000087f440b8 va=0x0000000000017000 pa=0x0000000087f59000 V R W X U
|       +-- 24: pte=0x0000000087f440c0 va=0x0000000000018000 pa=0x0000000087f5a000 V R W X U
|       +-- 25: pte=0x0000000087f440c8 va=0x0000000000019000 pa=0x0000000087f5b000 V R W X U
|       +-- 26: pte=0x0000000087f440d0 va=0x000000000001a000 pa=0x0000000087f72000 V R W X U
|       +-- 27: pte=0x0000000087f440d8 va=0x000000000001b000 pa=0x0000000087f67000 V R W X U
|       +-- 28: pte=0x0000000087f440e0 va=0x000000000001c000 pa=0x0000000087f71000 V R W X U
|       +-- 29: pte=0x0000000087f440e8 va=0x000000000001d000 pa=0x0000000087f41000 V R W X U
|       +-- 30: pte=0x0000000087f440f0 va=0x000000000001e000 pa=0x0000000087f40000 V R W X U
|       +-- 31: pte=0x0000000087f440f8 va=0x000000000001f000 pa=0x0000000087f3f000 V R W X U
|       +-- 32: pte=0x0000000087f44100 va=0x0000000000020000 pa=0x0000000087f3e000 V R W X U
|       +-- 33: pte=0x0000000087f44108 va=0x0000000000021000 pa=0x0000000087f3d000 V R W X U D
|       +-- 34: pte=0x0000000087f44110 va=0x0000000000022000 pa=0x0000000087f3c000 V R W X U
|       +-- 35: pte=0x0000000087f44118 va=0x0000000000023000 pa=0x0000000087f3b000 V R W X U
+-- 255: pte=0x0000000087f497f8 va=0x0000003fc0000000 pa=0x0000000087f48000 V
    +-- 511: pte=0x0000000087f48ff8 va=0x0000003fffe00000 pa=0x0000000087f47000 V
        +-- 510: pte=0x0000000087f47ff0 va=0x0000003fffffe000 pa=0x0000000087f65000 V R W D
        +-- 511: pte=0x0000000087f47ff8 va=0x0000003ffffff000 pa=0x0000000080007000 V R X
Page replacement buffers
------Start------------
pte: 0x0000000087f44078
pte: 0x0000000087f44030
pte: 0x0000000087f440f8
pte: 0x0000000087f44100
pte: 0x0000000087f44108
pte: 0x0000000087f44110
pte: 0x0000000087f44118
pte: 0x0000000087f44068
------End--------------
page table 0x0000000087f49000
+-- 0: pte=0x0000000087f49000 va=0x0000000000000000 pa=0x0000000087f45000 V
|   +-- 0: pte=0x0000000087f45000 va=0x0000000000000000 pa=0x0000000087f44000 V
|       +-- 0: pte=0x0000000087f44000 va=0x0000000000000000 pa=0x0000000087f46000 V R W X U D
|       +-- 1: pte=0x0000000087f44008 va=0x0000000000001000 pa=0x0000000087f43000 V R W X
|       +-- 2: pte=0x0000000087f44010 va=0x0000000000002000 pa=0x0000000087f42000 V R W X U D
|       +-- 3: pte=0x0000000087f44018 va=0x0000000000003000 pa=0x0000000087f4a000 V R W X U D
|       +-- 4: pte=0x0000000087f44020 va=0x0000000000004000 pa=0x0000000087f76000 V R W X U
|       +-- 5: pte=0x0000000087f44028 va=0x0000000000005000 pa=0x0000000087f75000 V R W X U
|       +-- 6: pte=0x0000000087f44030 va=0x0000000000006000 pa=0x0000000087f74000 V R W X U
|       +-- 7: pte=0x0000000087f44038 va=0x0000000000007000 pa=0x0000000087f73000 V R W X U
|       +-- 8: pte=0x0000000087f44040 va=0x0000000000008000 pa=0x0000000087f66000 V R W X U
|       +-- 9: pte=0x0000000087f44048 va=0x0000000000009000 pa=0x0000000087f4b000 V R W X U
|       +-- 10: pte=0x0000000087f44050 va=0x000000000000a000 pa=0x0000000087f4c000 V R W X U
|       +-- 11: pte=0x0000000087f44058 va=0x000000000000b000 pa=0x0000000087f4d000 V R W X U
|       +-- 12: pte=0x0000000087f44060 va=0x000000000000c000 pa=0x0000000087f4e000 V R W X U
|       +-- 13: pte=0x0000000087f44068 va=0x000000000000d000 pa=0x0000000087f4f000 V R W X U D
|       +-- 14: pte=0x0000000087f44070 va=0x000000000000e000 pa=0x0000000087f50000 V R W X U
|       +-- 15: pte=0x0000000087f44078 va=0x000000000000f000 pa=0x0000000087f51000 V R W X U P
|       +-- 16: pte=0x0000000087f44080 va=0x0000000000010000 pa=0x0000000087f52000 V R W X U
|       +-- 17: pte=0x0000000087f44088 va=0x0000000000011000 pa=0x0000000087f53000 V R W X U
|       +-- 18: pte=0x0000000087f44090 va=0x0000000000012000 pa=0x0000000087f54000 V R W X U
|       +-- 19: pte=0x0000000087f44098 va=0x0000000000013000 pa=0x0000000087f55000 V R W X U D
|       +-- 20: pte=0x0000000087f440a0 va=0x0000000000014000 pa=0x0000000087f56000 V R W X U
|       +-- 21: pte=0x0000000087f440a8 va=0x0000000000015000 pa=0x0000000087f57000 V R W X U
|       +-- 22: pte=0x0000000087f440b0 va=0x0000000000016000 pa=0x0000000087f58000 V R W X U
|       +-- 23: pte=0x0000000087f440b8 va=0x0000000000017000 pa=0x0000000087f59000 V R W X U
|       +-- 24: pte=0x0000000087f440c0 va=0x0000000000018000 pa=0x0000000087f5a000 V R W X U
|       +-- 25: pte=0x0000000087f440c8 va=0x0000000000019000 pa=0x0000000087f5b000 V R W X U
|       +-- 26: pte=0x0000000087f440d0 va=0x000000000001a000 pa=0x0000000087f72000 V R W X U
|       +-- 27: pte=0x0000000087f440d8 va=0x000000000001b000 pa=0x0000000087f67000 V R W X U
|       +-- 28: pte=0x0000000087f440e0 va=0x000000000001c000 pa=0x0000000087f71000 V R W X U
|       +-- 29: pte=0x0000000087f440e8 va=0x000000000001d000 pa=0x0000000087f41000 V R W X U
|       +-- 30: pte=0x0000000087f440f0 va=0x000000000001e000 pa=0x0000000087f40000 V R W X U
|       +-- 31: pte=0x0000000087f440f8 va=0x000000000001f000 pa=0x0000000087f3f000 V R W X U
|       +-- 32: pte=0x0000000087f44100 va=0x0000000000020000 pa=0x0000000087f3e000 V R W X U
|       +-- 33: pte=0x0000000087f44108 va=0x0000000000021000 pa=0x0000000087f3d000 V R W X U D
|       +-- 34: pte=0x0000000087f44110 va=0x0000000000022000 pa=0x0000000087f3c000 V R W X U
|       +-- 35: pte=0x0000000087f44118 va=0x0000000000023000 pa=0x0000000087f3b000 V R W X U
+-- 255: pte=0x0000000087f497f8 va=0x0000003fc0000000 pa=0x0000000087f48000 V
    +-- 511: pte=0x0000000087f48ff8 va=0x0000003fffe00000 pa=0x0000000087f47000 V
        +-- 510: pte=0x0000000087f47ff0 va=0x0000003fffffe000 pa=0x0000000087f65000 V R W D
        +-- 511: pte=0x0000000087f47ff8 va=0x0000003ffffff000 pa=0x0000000080007000 V R X
page table 0x0000000087f49000
+-- 0: pte=0x0000000087f49000 va=0x0000000000000000 pa=0x0000000087f45000 V
|   +-- 0: pte=0x0000000087f45000 va=0x0000000000000000 pa=0x0000000087f44000 V
|       +-- 0: pte=0x0000000087f44000 va=0x0000000000000000 pa=0x0000000087f46000 V R W X U D
|       +-- 1: pte=0x0000000087f44008 va=0x0000000000001000 pa=0x0000000087f43000 V R W X
|       +-- 2: pte=0x0000000087f44010 va=0x0000000000002000 pa=0x0000000087f42000 V R W X U D
|       +-- 3: pte=0x0000000087f44018 va=0x0000000000003000 pa=0x0000000087f4a000 V R W X U D
|       +-- 4: pte=0x0000000087f44020 va=0x0000000000004000 pa=0x0000000087f76000 V R W X U
|       +-- 5: pte=0x0000000087f44028 va=0x0000000000005000 pa=0x0000000087f75000 V R W X U
|       +-- 6: pte=0x0000000087f44030 va=0x0000000000006000 blockno=0x0000000000000370 R W X U S
|       +-- 7: pte=0x0000000087f44038 va=0x0000000000007000 pa=0x0000000087f73000 V R W X U
|       +-- 8: pte=0x0000000087f44040 va=0x0000000000008000 pa=0x0000000087f66000 V R W X U
|       +-- 9: pte=0x0000000087f44048 va=0x0000000000009000 pa=0x0000000087f4b000 V R W X U
|       +-- 10: pte=0x0000000087f44050 va=0x000000000000a000 pa=0x0000000087f4c000 V R W X U
|       +-- 11: pte=0x0000000087f44058 va=0x000000000000b000 pa=0x0000000087f4d000 V R W X U
|       +-- 12: pte=0x0000000087f44060 va=0x000000000000c000 pa=0x0000000087f4e000 V R W X U
|       +-- 13: pte=0x0000000087f44068 va=0x000000000000d000 pa=0x0000000087f4f000 V R W X U D
|       +-- 14: pte=0x0000000087f44070 va=0x000000000000e000 pa=0x0000000087f50000 V R W X U
|       +-- 15: pte=0x0000000087f44078 va=0x000000000000f000 pa=0x0000000087f51000 V R W X U P
|       +-- 16: pte=0x0000000087f44080 va=0x0000000000010000 pa=0x0000000087f52000 V R W X U
|       +-- 17: pte=0x0000000087f44088 va=0x0000000000011000 pa=0x0000000087f53000 V R W X U
|       +-- 18: pte=0x0000000087f44090 va=0x0000000000012000 pa=0x0000000087f54000 V R W X U
|       +-- 19: pte=0x0000000087f44098 va=0x0000000000013000 pa=0x0000000087f55000 V R W X U D
|       +-- 20: pte=0x0000000087f440a0 va=0x0000000000014000 pa=0x0000000087f56000 V R W X U
|       +-- 21: pte=0x0000000087f440a8 va=0x0000000000015000 pa=0x0000000087f57000 V R W X U
|       +-- 22: pte=0x0000000087f440b0 va=0x0000000000016000 pa=0x0000000087f58000 V R W X U
|       +-- 23: pte=0x0000000087f440b8 va=0x0000000000017000 pa=0x0000000087f59000 V R W X U
|       +-- 24: pte=0x0000000087f440c0 va=0x0000000000018000 pa=0x0000000087f5a000 V R W X U
|       +-- 25: pte=0x0000000087f440c8 va=0x0000000000019000 pa=0x0000000087f5b000 V R W X U
|       +-- 26: pte=0x0000000087f440d0 va=0x000000000001a000 pa=0x0000000087f72000 V R W X U
|       +-- 27: pte=0x0000000087f440d8 va=0x000000000001b000 pa=0x0000000087f67000 V R W X U
|       +-- 28: pte=0x0000000087f440e0 va=0x000000000001c000 pa=0x0000000087f71000 V R W X U
|       +-- 29: pte=0x0000000087f440e8 va=0x000000000001d000 pa=0x0000000087f41000 V R W X U
|       +-- 30: pte=0x0000000087f440f0 va=0x000000000001e000 pa=0x0000000087f40000 V R W X U
|       +-- 31: pte=0x0000000087f440f8 va=0x000000000001f000 pa=0x0000000087f3f000 V R W X U
|       +-- 32: pte=0x0000000087f44100 va=0x0000000000020000 pa=0x0000000087f3e000 V R W X U
|       +-- 33: pte=0x0000000087f44108 va=0x0000000000021000 pa=0x0000000087f3d000 V R W X U D
|       +-- 34: pte=0x0000000087f44110 va=0x0000000000022000 pa=0x0000000087f3c000 V R W X U
|       +-- 35: pte=0x0000000087f44118 va=0x0000000000023000 pa=0x0000000087f3b000 V R W X U
+-- 255: pte=0x0000000087f497f8 va=0x0000003fc0000000 pa=0x0000000087f48000 V
    +-- 511: pte=0x0000000087f48ff8 va=0x0000003fffe00000 pa=0x0000000087f47000 V
        +-- 510: pte=0x0000000087f47ff0 va=0x0000003fffffe000 pa=0x0000000087f65000 V R W D
        +-- 511: pte=0x0000000087f47ff8 va=0x0000003ffffff000 pa=0x0000000080007000 V R X
Page replacement buffers
------Start------------
pte: 0x0000000087f44078
pte: 0x0000000087f440f8
pte: 0x0000000087f44100
pte: 0x0000000087f44108
pte: 0x0000000087f44110
pte: 0x0000000087f44118
pte: 0x0000000087f44068
------End--------------
After madvise(MADV_PIN) 16
page table 0x0000000087f49000
+-- 0: pte=0x0000000087f49000 va=0x0000000000000000 pa=0x0000000087f45000 V
|   +-- 0: pte=0x0000000087f45000 va=0x0000000000000000 pa=0x0000000087f44000 V
|       +-- 0: pte=0x0000000087f44000 va=0x0000000000000000 pa=0x0000000087f46000 V R W X U D
|       +-- 1: pte=0x0000000087f44008 va=0x0000000000001000 pa=0x0000000087f43000 V R W X
|       +-- 2: pte=0x0000000087f44010 va=0x0000000000002000 pa=0x0000000087f42000 V R W X U D
|       +-- 3: pte=0x0000000087f44018 va=0x0000000000003000 pa=0x0000000087f4a000 V R W X U D
|       +-- 4: pte=0x0000000087f44020 va=0x0000000000004000 pa=0x0000000087f76000 V R W X U
|       +-- 5: pte=0x0000000087f44028 va=0x0000000000005000 pa=0x0000000087f75000 V R W X U
|       +-- 6: pte=0x0000000087f44030 va=0x0000000000006000 blockno=0x0000000000000370 R W X U S
|       +-- 7: pte=0x0000000087f44038 va=0x0000000000007000 pa=0x0000000087f73000 V R W X U
|       +-- 8: pte=0x0000000087f44040 va=0x0000000000008000 pa=0x0000000087f66000 V R W X U
|       +-- 9: pte=0x0000000087f44048 va=0x0000000000009000 pa=0x0000000087f4b000 V R W X U
|       +-- 10: pte=0x0000000087f44050 va=0x000000000000a000 pa=0x0000000087f4c000 V R W X U
|       +-- 11: pte=0x0000000087f44058 va=0x000000000000b000 pa=0x0000000087f4d000 V R W X U
|       +-- 12: pte=0x0000000087f44060 va=0x000000000000c000 pa=0x0000000087f4e000 V R W X U
|       +-- 13: pte=0x0000000087f44068 va=0x000000000000d000 pa=0x0000000087f4f000 V R W X U D
|       +-- 14: pte=0x0000000087f44070 va=0x000000000000e000 pa=0x0000000087f50000 V R W X U
|       +-- 15: pte=0x0000000087f44078 va=0x000000000000f000 pa=0x0000000087f51000 V R W X U P
|       +-- 16: pte=0x0000000087f44080 va=0x0000000000010000 pa=0x0000000087f52000 V R W X U P
|       +-- 17: pte=0x0000000087f44088 va=0x0000000000011000 pa=0x0000000087f53000 V R W X U
|       +-- 18: pte=0x0000000087f44090 va=0x0000000000012000 pa=0x0000000087f54000 V R W X U
|       +-- 19: pte=0x0000000087f44098 va=0x0000000000013000 pa=0x0000000087f55000 V R W X U D
|       +-- 20: pte=0x0000000087f440a0 va=0x0000000000014000 pa=0x0000000087f56000 V R W X U
|       +-- 21: pte=0x0000000087f440a8 va=0x0000000000015000 pa=0x0000000087f57000 V R W X U
|       +-- 22: pte=0x0000000087f440b0 va=0x0000000000016000 pa=0x0000000087f58000 V R W X U
|       +-- 23: pte=0x0000000087f440b8 va=0x0000000000017000 pa=0x0000000087f59000 V R W X U
|       +-- 24: pte=0x0000000087f440c0 va=0x0000000000018000 pa=0x0000000087f5a000 V R W X U
|       +-- 25: pte=0x0000000087f440c8 va=0x0000000000019000 pa=0x0000000087f5b000 V R W X U
|       +-- 26: pte=0x0000000087f440d0 va=0x000000000001a000 pa=0x0000000087f72000 V R W X U
|       +-- 27: pte=0x0000000087f440d8 va=0x000000000001b000 pa=0x0000000087f67000 V R W X U
|       +-- 28: pte=0x0000000087f440e0 va=0x000000000001c000 pa=0x0000000087f71000 V R W X U
|       +-- 29: pte=0x0000000087f440e8 va=0x000000000001d000 pa=0x0000000087f41000 V R W X U
|       +-- 30: pte=0x0000000087f440f0 va=0x000000000001e000 pa=0x0000000087f40000 V R W X U
|       +-- 31: pte=0x0000000087f440f8 va=0x000000000001f000 pa=0x0000000087f3f000 V R W X U
|       +-- 32: pte=0x0000000087f44100 va=0x0000000000020000 pa=0x0000000087f3e000 V R W X U
|       +-- 33: pte=0x0000000087f44108 va=0x0000000000021000 pa=0x0000000087f3d000 V R W X U D
|       +-- 34: pte=0x0000000087f44110 va=0x0000000000022000 pa=0x0000000087f3c000 V R W X U
|       +-- 35: pte=0x0000000087f44118 va=0x0000000000023000 pa=0x0000000087f3b000 V R W X U
+-- 255: pte=0x0000000087f497f8 va=0x0000003fc0000000 pa=0x0000000087f48000 V
    +-- 511: pte=0x0000000087f48ff8 va=0x0000003fffe00000 pa=0x0000000087f47000 V
        +-- 510: pte=0x0000000087f47ff0 va=0x0000003fffffe000 pa=0x0000000087f65000 V R W D
        +-- 511: pte=0x0000000087f47ff8 va=0x0000003ffffff000 pa=0x0000000080007000 V R X
Page replacement buffers
------Start------------
pte: 0x0000000087f44078
pte: 0x0000000087f440f8
pte: 0x0000000087f44100
pte: 0x0000000087f44108
pte: 0x0000000087f44110
pte: 0x0000000087f44118
pte: 0x0000000087f44068
pte: 0x0000000087f44080
------End--------------
After madvise(MADV_PIN) 15
page table 0x0000000087f49000
+-- 0: pte=0x0000000087f49000 va=0x0000000000000000 pa=0x0000000087f45000 V
|   +-- 0: pte=0x0000000087f45000 va=0x0000000000000000 pa=0x0000000087f44000 V
|       +-- 0: pte=0x0000000087f44000 va=0x0000000000000000 pa=0x0000000087f46000 V R W X U D
|       +-- 1: pte=0x0000000087f44008 va=0x0000000000001000 pa=0x0000000087f43000 V R W X
|       +-- 2: pte=0x0000000087f44010 va=0x0000000000002000 pa=0x0000000087f42000 V R W X U D
|       +-- 3: pte=0x0000000087f44018 va=0x0000000000003000 pa=0x0000000087f4a000 V R W X U D
|       +-- 4: pte=0x0000000087f44020 va=0x0000000000004000 pa=0x0000000087f76000 V R W X U
|       +-- 5: pte=0x0000000087f44028 va=0x0000000000005000 pa=0x0000000087f75000 V R W X U
|       +-- 6: pte=0x0000000087f44030 va=0x0000000000006000 blockno=0x0000000000000370 R W X U S
|       +-- 7: pte=0x0000000087f44038 va=0x0000000000007000 pa=0x0000000087f73000 V R W X U
|       +-- 8: pte=0x0000000087f44040 va=0x0000000000008000 pa=0x0000000087f66000 V R W X U
|       +-- 9: pte=0x0000000087f44048 va=0x0000000000009000 pa=0x0000000087f4b000 V R W X U
|       +-- 10: pte=0x0000000087f44050 va=0x000000000000a000 pa=0x0000000087f4c000 V R W X U
|       +-- 11: pte=0x0000000087f44058 va=0x000000000000b000 pa=0x0000000087f4d000 V R W X U
|       +-- 12: pte=0x0000000087f44060 va=0x000000000000c000 pa=0x0000000087f4e000 V R W X U
|       +-- 13: pte=0x0000000087f44068 va=0x000000000000d000 pa=0x0000000087f4f000 V R W X U D
|       +-- 14: pte=0x0000000087f44070 va=0x000000000000e000 pa=0x0000000087f50000 V R W X U
|       +-- 15: pte=0x0000000087f44078 va=0x000000000000f000 pa=0x0000000087f51000 V R W X U P
|       +-- 16: pte=0x0000000087f44080 va=0x0000000000010000 pa=0x0000000087f52000 V R W X U P
|       +-- 17: pte=0x0000000087f44088 va=0x0000000000011000 pa=0x0000000087f53000 V R W X U
|       +-- 18: pte=0x0000000087f44090 va=0x0000000000012000 pa=0x0000000087f54000 V R W X U
|       +-- 19: pte=0x0000000087f44098 va=0x0000000000013000 pa=0x0000000087f55000 V R W X U D
|       +-- 20: pte=0x0000000087f440a0 va=0x0000000000014000 pa=0x0000000087f56000 V R W X U
|       +-- 21: pte=0x0000000087f440a8 va=0x0000000000015000 pa=0x0000000087f57000 V R W X U
|       +-- 22: pte=0x0000000087f440b0 va=0x0000000000016000 pa=0x0000000087f58000 V R W X U
|       +-- 23: pte=0x0000000087f440b8 va=0x0000000000017000 pa=0x0000000087f59000 V R W X U
|       +-- 24: pte=0x0000000087f440c0 va=0x0000000000018000 pa=0x0000000087f5a000 V R W X U
|       +-- 25: pte=0x0000000087f440c8 va=0x0000000000019000 pa=0x0000000087f5b000 V R W X U
|       +-- 26: pte=0x0000000087f440d0 va=0x000000000001a000 pa=0x0000000087f72000 V R W X U
|       +-- 27: pte=0x0000000087f440d8 va=0x000000000001b000 pa=0x0000000087f67000 V R W X U
|       +-- 28: pte=0x0000000087f440e0 va=0x000000000001c000 pa=0x0000000087f71000 V R W X U
|       +-- 29: pte=0x0000000087f440e8 va=0x000000000001d000 pa=0x0000000087f41000 V R W X U
|       +-- 30: pte=0x0000000087f440f0 va=0x000000000001e000 pa=0x0000000087f40000 V R W X U
|       +-- 31: pte=0x0000000087f440f8 va=0x000000000001f000 pa=0x0000000087f3f000 V R W X U
|       +-- 32: pte=0x0000000087f44100 va=0x0000000000020000 pa=0x0000000087f3e000 V R W X U
|       +-- 33: pte=0x0000000087f44108 va=0x0000000000021000 pa=0x0000000087f3d000 V R W X U D
|       +-- 34: pte=0x0000000087f44110 va=0x0000000000022000 pa=0x0000000087f3c000 V R W X U
|       +-- 35: pte=0x0000000087f44118 va=0x0000000000023000 pa=0x0000000087f3b000 V R W X U
+-- 255: pte=0x0000000087f497f8 va=0x0000003fc0000000 pa=0x0000000087f48000 V
    +-- 511: pte=0x0000000087f48ff8 va=0x0000003fffe00000 pa=0x0000000087f47000 V
        +-- 510: pte=0x0000000087f47ff0 va=0x0000003fffffe000 pa=0x0000000087f65000 V R W D
        +-- 511: pte=0x0000000087f47ff8 va=0x0000003ffffff000 pa=0x0000000080007000 V R X
Page replacement buffers
------Start------------
pte: 0x0000000087f44078
pte: 0x0000000087f440f8
pte: 0x0000000087f44100
pte: 0x0000000087f44108
pte: 0x0000000087f44110
pte: 0x0000000087f44118
pte: 0x0000000087f44068
pte: 0x0000000087f44080
------End--------------
After madvise(MADV_PIN) 14
page table 0x0000000087f49000
+-- 0: pte=0x0000000087f49000 va=0x0000000000000000 pa=0x0000000087f45000 V
|   +-- 0: pte=0x0000000087f45000 va=0x0000000000000000 pa=0x0000000087f44000 V
|       +-- 0: pte=0x0000000087f44000 va=0x0000000000000000 pa=0x0000000087f46000 V R W X U D
|       +-- 1: pte=0x0000000087f44008 va=0x0000000000001000 pa=0x0000000087f43000 V R W X
|       +-- 2: pte=0x0000000087f44010 va=0x0000000000002000 pa=0x0000000087f42000 V R W X U D
|       +-- 3: pte=0x0000000087f44018 va=0x0000000000003000 pa=0x0000000087f4a000 V R W X U D
|       +-- 4: pte=0x0000000087f44020 va=0x0000000000004000 pa=0x0000000087f76000 V R W X U
|       +-- 5: pte=0x0000000087f44028 va=0x0000000000005000 pa=0x0000000087f75000 V R W X U
|       +-- 6: pte=0x0000000087f44030 va=0x0000000000006000 blockno=0x0000000000000370 R W X U S
|       +-- 7: pte=0x0000000087f44038 va=0x0000000000007000 pa=0x0000000087f73000 V R W X U
|       +-- 8: pte=0x0000000087f44040 va=0x0000000000008000 pa=0x0000000087f66000 V R W X U
|       +-- 9: pte=0x0000000087f44048 va=0x0000000000009000 pa=0x0000000087f4b000 V R W X U
|       +-- 10: pte=0x0000000087f44050 va=0x000000000000a000 pa=0x0000000087f4c000 V R W X U
|       +-- 11: pte=0x0000000087f44058 va=0x000000000000b000 pa=0x0000000087f4d000 V R W X U
|       +-- 12: pte=0x0000000087f44060 va=0x000000000000c000 pa=0x0000000087f4e000 V R W X U
|       +-- 13: pte=0x0000000087f44068 va=0x000000000000d000 pa=0x0000000087f4f000 V R W X U D
|       +-- 14: pte=0x0000000087f44070 va=0x000000000000e000 pa=0x0000000087f50000 V R W X U P
|       +-- 15: pte=0x0000000087f44078 va=0x000000000000f000 pa=0x0000000087f51000 V R W X U P
|       +-- 16: pte=0x0000000087f44080 va=0x0000000000010000 pa=0x0000000087f52000 V R W X U P
|       +-- 17: pte=0x0000000087f44088 va=0x0000000000011000 pa=0x0000000087f53000 V R W X U
|       +-- 18: pte=0x0000000087f44090 va=0x0000000000012000 pa=0x0000000087f54000 V R W X U
|       +-- 19: pte=0x0000000087f44098 va=0x0000000000013000 pa=0x0000000087f55000 V R W X U D
|       +-- 20: pte=0x0000000087f440a0 va=0x0000000000014000 pa=0x0000000087f56000 V R W X U
|       +-- 21: pte=0x0000000087f440a8 va=0x0000000000015000 pa=0x0000000087f57000 V R W X U
|       +-- 22: pte=0x0000000087f440b0 va=0x0000000000016000 pa=0x0000000087f58000 V R W X U
|       +-- 23: pte=0x0000000087f440b8 va=0x0000000000017000 pa=0x0000000087f59000 V R W X U
|       +-- 24: pte=0x0000000087f440c0 va=0x0000000000018000 pa=0x0000000087f5a000 V R W X U
|       +-- 25: pte=0x0000000087f440c8 va=0x0000000000019000 pa=0x0000000087f5b000 V R W X U
|       +-- 26: pte=0x0000000087f440d0 va=0x000000000001a000 pa=0x0000000087f72000 V R W X U
|       +-- 27: pte=0x0000000087f440d8 va=0x000000000001b000 pa=0x0000000087f67000 V R W X U
|       +-- 28: pte=0x0000000087f440e0 va=0x000000000001c000 pa=0x0000000087f71000 V R W X U
|       +-- 29: pte=0x0000000087f440e8 va=0x000000000001d000 pa=0x0000000087f41000 V R W X U
|       +-- 30: pte=0x0000000087f440f0 va=0x000000000001e000 pa=0x0000000087f40000 V R W X U
|       +-- 31: pte=0x0000000087f440f8 va=0x000000000001f000 pa=0x0000000087f3f000 V R W X U
|       +-- 32: pte=0x0000000087f44100 va=0x0000000000020000 pa=0x0000000087f3e000 V R W X U
|       +-- 33: pte=0x0000000087f44108 va=0x0000000000021000 pa=0x0000000087f3d000 V R W X U D
|       +-- 34: pte=0x0000000087f44110 va=0x0000000000022000 pa=0x0000000087f3c000 V R W X U
|       +-- 35: pte=0x0000000087f44118 va=0x0000000000023000 pa=0x0000000087f3b000 V R W X U
+-- 255: pte=0x0000000087f497f8 va=0x0000003fc0000000 pa=0x0000000087f48000 V
    +-- 511: pte=0x0000000087f48ff8 va=0x0000003fffe00000 pa=0x0000000087f47000 V
        +-- 510: pte=0x0000000087f47ff0 va=0x0000003fffffe000 pa=0x0000000087f65000 V R W D
        +-- 511: pte=0x0000000087f47ff8 va=0x0000003ffffff000 pa=0x0000000080007000 V R X
Page replacement buffers
------Start------------
pte: 0x0000000087f44078
pte: 0x0000000087f44100
pte: 0x0000000087f44108
pte: 0x0000000087f44110
pte: 0x0000000087f44118
pte: 0x0000000087f44068
pte: 0x0000000087f44080
pte: 0x0000000087f44070
------End--------------
After madvise(MADV_PIN) 13
page table 0x0000000087f49000
+-- 0: pte=0x0000000087f49000 va=0x0000000000000000 pa=0x0000000087f45000 V
|   +-- 0: pte=0x0000000087f45000 va=0x0000000000000000 pa=0x0000000087f44000 V
|       +-- 0: pte=0x0000000087f44000 va=0x0000000000000000 pa=0x0000000087f46000 V R W X U D
|       +-- 1: pte=0x0000000087f44008 va=0x0000000000001000 pa=0x0000000087f43000 V R W X
|       +-- 2: pte=0x0000000087f44010 va=0x0000000000002000 pa=0x0000000087f42000 V R W X U D
|       +-- 3: pte=0x0000000087f44018 va=0x0000000000003000 pa=0x0000000087f4a000 V R W X U D
|       +-- 4: pte=0x0000000087f44020 va=0x0000000000004000 pa=0x0000000087f76000 V R W X U
|       +-- 5: pte=0x0000000087f44028 va=0x0000000000005000 pa=0x0000000087f75000 V R W X U
|       +-- 6: pte=0x0000000087f44030 va=0x0000000000006000 blockno=0x0000000000000370 R W X U S
|       +-- 7: pte=0x0000000087f44038 va=0x0000000000007000 pa=0x0000000087f73000 V R W X U
|       +-- 8: pte=0x0000000087f44040 va=0x0000000000008000 pa=0x0000000087f66000 V R W X U
|       +-- 9: pte=0x0000000087f44048 va=0x0000000000009000 pa=0x0000000087f4b000 V R W X U
|       +-- 10: pte=0x0000000087f44050 va=0x000000000000a000 pa=0x0000000087f4c000 V R W X U
|       +-- 11: pte=0x0000000087f44058 va=0x000000000000b000 pa=0x0000000087f4d000 V R W X U
|       +-- 12: pte=0x0000000087f44060 va=0x000000000000c000 pa=0x0000000087f4e000 V R W X U
|       +-- 13: pte=0x0000000087f44068 va=0x000000000000d000 pa=0x0000000087f4f000 V R W X U D P
|       +-- 14: pte=0x0000000087f44070 va=0x000000000000e000 pa=0x0000000087f50000 V R W X U P
|       +-- 15: pte=0x0000000087f44078 va=0x000000000000f000 pa=0x0000000087f51000 V R W X U P
|       +-- 16: pte=0x0000000087f44080 va=0x0000000000010000 pa=0x0000000087f52000 V R W X U P
|       +-- 17: pte=0x0000000087f44088 va=0x0000000000011000 pa=0x0000000087f53000 V R W X U
|       +-- 18: pte=0x0000000087f44090 va=0x0000000000012000 pa=0x0000000087f54000 V R W X U
|       +-- 19: pte=0x0000000087f44098 va=0x0000000000013000 pa=0x0000000087f55000 V R W X U D
|       +-- 20: pte=0x0000000087f440a0 va=0x0000000000014000 pa=0x0000000087f56000 V R W X U
|       +-- 21: pte=0x0000000087f440a8 va=0x0000000000015000 pa=0x0000000087f57000 V R W X U
|       +-- 22: pte=0x0000000087f440b0 va=0x0000000000016000 pa=0x0000000087f58000 V R W X U
|       +-- 23: pte=0x0000000087f440b8 va=0x0000000000017000 pa=0x0000000087f59000 V R W X U
|       +-- 24: pte=0x0000000087f440c0 va=0x0000000000018000 pa=0x0000000087f5a000 V R W X U
|       +-- 25: pte=0x0000000087f440c8 va=0x0000000000019000 pa=0x0000000087f5b000 V R W X U
|       +-- 26: pte=0x0000000087f440d0 va=0x000000000001a000 pa=0x0000000087f72000 V R W X U
|       +-- 27: pte=0x0000000087f440d8 va=0x000000000001b000 pa=0x0000000087f67000 V R W X U
|       +-- 28: pte=0x0000000087f440e0 va=0x000000000001c000 pa=0x0000000087f71000 V R W X U
|       +-- 29: pte=0x0000000087f440e8 va=0x000000000001d000 pa=0x0000000087f41000 V R W X U
|       +-- 30: pte=0x0000000087f440f0 va=0x000000000001e000 pa=0x0000000087f40000 V R W X U
|       +-- 31: pte=0x0000000087f440f8 va=0x000000000001f000 pa=0x0000000087f3f000 V R W X U
|       +-- 32: pte=0x0000000087f44100 va=0x0000000000020000 pa=0x0000000087f3e000 V R W X U
|       +-- 33: pte=0x0000000087f44108 va=0x0000000000021000 pa=0x0000000087f3d000 V R W X U D
|       +-- 34: pte=0x0000000087f44110 va=0x0000000000022000 pa=0x0000000087f3c000 V R W X U
|       +-- 35: pte=0x0000000087f44118 va=0x0000000000023000 pa=0x0000000087f3b000 V R W X U
+-- 255: pte=0x0000000087f497f8 va=0x0000003fc0000000 pa=0x0000000087f48000 V
    +-- 511: pte=0x0000000087f48ff8 va=0x0000003fffe00000 pa=0x0000000087f47000 V
        +-- 510: pte=0x0000000087f47ff0 va=0x0000003fffffe000 pa=0x0000000087f65000 V R W D
        +-- 511: pte=0x0000000087f47ff8 va=0x0000003ffffff000 pa=0x0000000080007000 V R X
Page replacement buffers
------Start------------
pte: 0x0000000087f44078
pte: 0x0000000087f44100
pte: 0x0000000087f44108
pte: 0x0000000087f44110
pte: 0x0000000087f44118
pte: 0x0000000087f44068
pte: 0x0000000087f44080
pte: 0x0000000087f44070
------End--------------
After madvise(MADV_PIN) 12
page table 0x0000000087f49000
+-- 0: pte=0x0000000087f49000 va=0x0000000000000000 pa=0x0000000087f45000 V
|   +-- 0: pte=0x0000000087f45000 va=0x0000000000000000 pa=0x0000000087f44000 V
|       +-- 0: pte=0x0000000087f44000 va=0x0000000000000000 pa=0x0000000087f46000 V R W X U D
|       +-- 1: pte=0x0000000087f44008 va=0x0000000000001000 pa=0x0000000087f43000 V R W X
|       +-- 2: pte=0x0000000087f44010 va=0x0000000000002000 pa=0x0000000087f42000 V R W X U D
|       +-- 3: pte=0x0000000087f44018 va=0x0000000000003000 pa=0x0000000087f4a000 V R W X U D
|       +-- 4: pte=0x0000000087f44020 va=0x0000000000004000 pa=0x0000000087f76000 V R W X U
|       +-- 5: pte=0x0000000087f44028 va=0x0000000000005000 pa=0x0000000087f75000 V R W X U
|       +-- 6: pte=0x0000000087f44030 va=0x0000000000006000 blockno=0x0000000000000370 R W X U S
|       +-- 7: pte=0x0000000087f44038 va=0x0000000000007000 pa=0x0000000087f73000 V R W X U
|       +-- 8: pte=0x0000000087f44040 va=0x0000000000008000 pa=0x0000000087f66000 V R W X U
|       +-- 9: pte=0x0000000087f44048 va=0x0000000000009000 pa=0x0000000087f4b000 V R W X U
|       +-- 10: pte=0x0000000087f44050 va=0x000000000000a000 pa=0x0000000087f4c000 V R W X U
|       +-- 11: pte=0x0000000087f44058 va=0x000000000000b000 pa=0x0000000087f4d000 V R W X U
|       +-- 12: pte=0x0000000087f44060 va=0x000000000000c000 pa=0x0000000087f4e000 V R W X U P
|       +-- 13: pte=0x0000000087f44068 va=0x000000000000d000 pa=0x0000000087f4f000 V R W X U D P
|       +-- 14: pte=0x0000000087f44070 va=0x000000000000e000 pa=0x0000000087f50000 V R W X U P
|       +-- 15: pte=0x0000000087f44078 va=0x000000000000f000 pa=0x0000000087f51000 V R W X U P
|       +-- 16: pte=0x0000000087f44080 va=0x0000000000010000 pa=0x0000000087f52000 V R W X U P
|       +-- 17: pte=0x0000000087f44088 va=0x0000000000011000 pa=0x0000000087f53000 V R W X U
|       +-- 18: pte=0x0000000087f44090 va=0x0000000000012000 pa=0x0000000087f54000 V R W X U
|       +-- 19: pte=0x0000000087f44098 va=0x0000000000013000 pa=0x0000000087f55000 V R W X U D
|       +-- 20: pte=0x0000000087f440a0 va=0x0000000000014000 pa=0x0000000087f56000 V R W X U
|       +-- 21: pte=0x0000000087f440a8 va=0x0000000000015000 pa=0x0000000087f57000 V R W X U
|       +-- 22: pte=0x0000000087f440b0 va=0x0000000000016000 pa=0x0000000087f58000 V R W X U
|       +-- 23: pte=0x0000000087f440b8 va=0x0000000000017000 pa=0x0000000087f59000 V R W X U
|       +-- 24: pte=0x0000000087f440c0 va=0x0000000000018000 pa=0x0000000087f5a000 V R W X U
|       +-- 25: pte=0x0000000087f440c8 va=0x0000000000019000 pa=0x0000000087f5b000 V R W X U
|       +-- 26: pte=0x0000000087f440d0 va=0x000000000001a000 pa=0x0000000087f72000 V R W X U
|       +-- 27: pte=0x0000000087f440d8 va=0x000000000001b000 pa=0x0000000087f67000 V R W X U
|       +-- 28: pte=0x0000000087f440e0 va=0x000000000001c000 pa=0x0000000087f71000 V R W X U
|       +-- 29: pte=0x0000000087f440e8 va=0x000000000001d000 pa=0x0000000087f41000 V R W X U
|       +-- 30: pte=0x0000000087f440f0 va=0x000000000001e000 pa=0x0000000087f40000 V R W X U
|       +-- 31: pte=0x0000000087f440f8 va=0x000000000001f000 pa=0x0000000087f3f000 V R W X U
|       +-- 32: pte=0x0000000087f44100 va=0x0000000000020000 pa=0x0000000087f3e000 V R W X U
|       +-- 33: pte=0x0000000087f44108 va=0x0000000000021000 pa=0x0000000087f3d000 V R W X U D
|       +-- 34: pte=0x0000000087f44110 va=0x0000000000022000 pa=0x0000000087f3c000 V R W X U
|       +-- 35: pte=0x0000000087f44118 va=0x0000000000023000 pa=0x0000000087f3b000 V R W X U
+-- 255: pte=0x0000000087f497f8 va=0x0000003fc0000000 pa=0x0000000087f48000 V
    +-- 511: pte=0x0000000087f48ff8 va=0x0000003fffe00000 pa=0x0000000087f47000 V
        +-- 510: pte=0x0000000087f47ff0 va=0x0000003fffffe000 pa=0x0000000087f65000 V R W D
        +-- 511: pte=0x0000000087f47ff8 va=0x0000003ffffff000 pa=0x0000000080007000 V R X
Page replacement buffers
------Start------------
pte: 0x0000000087f44078
pte: 0x0000000087f44108
pte: 0x0000000087f44110
pte: 0x0000000087f44118
pte: 0x0000000087f44068
pte: 0x0000000087f44080
pte: 0x0000000087f44070
pte: 0x0000000087f44060
------End--------------
After madvise(MADV_PIN) 11
page table 0x0000000087f49000
+-- 0: pte=0x0000000087f49000 va=0x0000000000000000 pa=0x0000000087f45000 V
|   +-- 0: pte=0x0000000087f45000 va=0x0000000000000000 pa=0x0000000087f44000 V
|       +-- 0: pte=0x0000000087f44000 va=0x0000000000000000 pa=0x0000000087f46000 V R W X U D
|       +-- 1: pte=0x0000000087f44008 va=0x0000000000001000 pa=0x0000000087f43000 V R W X
|       +-- 2: pte=0x0000000087f44010 va=0x0000000000002000 pa=0x0000000087f42000 V R W X U D
|       +-- 3: pte=0x0000000087f44018 va=0x0000000000003000 pa=0x0000000087f4a000 V R W X U D
|       +-- 4: pte=0x0000000087f44020 va=0x0000000000004000 pa=0x0000000087f76000 V R W X U
|       +-- 5: pte=0x0000000087f44028 va=0x0000000000005000 pa=0x0000000087f75000 V R W X U
|       +-- 6: pte=0x0000000087f44030 va=0x0000000000006000 blockno=0x0000000000000370 R W X U S
|       +-- 7: pte=0x0000000087f44038 va=0x0000000000007000 pa=0x0000000087f73000 V R W X U
|       +-- 8: pte=0x0000000087f44040 va=0x0000000000008000 pa=0x0000000087f66000 V R W X U
|       +-- 9: pte=0x0000000087f44048 va=0x0000000000009000 pa=0x0000000087f4b000 V R W X U
|       +-- 10: pte=0x0000000087f44050 va=0x000000000000a000 pa=0x0000000087f4c000 V R W X U
|       +-- 11: pte=0x0000000087f44058 va=0x000000000000b000 pa=0x0000000087f4d000 V R W X U P
|       +-- 12: pte=0x0000000087f44060 va=0x000000000000c000 pa=0x0000000087f4e000 V R W X U P
|       +-- 13: pte=0x0000000087f44068 va=0x000000000000d000 pa=0x0000000087f4f000 V R W X U D P
|       +-- 14: pte=0x0000000087f44070 va=0x000000000000e000 pa=0x0000000087f50000 V R W X U P
|       +-- 15: pte=0x0000000087f44078 va=0x000000000000f000 pa=0x0000000087f51000 V R W X U P
|       +-- 16: pte=0x0000000087f44080 va=0x0000000000010000 pa=0x0000000087f52000 V R W X U P
|       +-- 17: pte=0x0000000087f44088 va=0x0000000000011000 pa=0x0000000087f53000 V R W X U
|       +-- 18: pte=0x0000000087f44090 va=0x0000000000012000 pa=0x0000000087f54000 V R W X U
|       +-- 19: pte=0x0000000087f44098 va=0x0000000000013000 pa=0x0000000087f55000 V R W X U D
|       +-- 20: pte=0x0000000087f440a0 va=0x0000000000014000 pa=0x0000000087f56000 V R W X U
|       +-- 21: pte=0x0000000087f440a8 va=0x0000000000015000 pa=0x0000000087f57000 V R W X U
|       +-- 22: pte=0x0000000087f440b0 va=0x0000000000016000 pa=0x0000000087f58000 V R W X U
|       +-- 23: pte=0x0000000087f440b8 va=0x0000000000017000 pa=0x0000000087f59000 V R W X U
|       +-- 24: pte=0x0000000087f440c0 va=0x0000000000018000 pa=0x0000000087f5a000 V R W X U
|       +-- 25: pte=0x0000000087f440c8 va=0x0000000000019000 pa=0x0000000087f5b000 V R W X U
|       +-- 26: pte=0x0000000087f440d0 va=0x000000000001a000 pa=0x0000000087f72000 V R W X U
|       +-- 27: pte=0x0000000087f440d8 va=0x000000000001b000 pa=0x0000000087f67000 V R W X U
|       +-- 28: pte=0x0000000087f440e0 va=0x000000000001c000 pa=0x0000000087f71000 V R W X U
|       +-- 29: pte=0x0000000087f440e8 va=0x000000000001d000 pa=0x0000000087f41000 V R W X U
|       +-- 30: pte=0x0000000087f440f0 va=0x000000000001e000 pa=0x0000000087f40000 V R W X U
|       +-- 31: pte=0x0000000087f440f8 va=0x000000000001f000 pa=0x0000000087f3f000 V R W X U
|       +-- 32: pte=0x0000000087f44100 va=0x0000000000020000 pa=0x0000000087f3e000 V R W X U
|       +-- 33: pte=0x0000000087f44108 va=0x0000000000021000 pa=0x0000000087f3d000 V R W X U D
|       +-- 34: pte=0x0000000087f44110 va=0x0000000000022000 pa=0x0000000087f3c000 V R W X U
|       +-- 35: pte=0x0000000087f44118 va=0x0000000000023000 pa=0x0000000087f3b000 V R W X U
+-- 255: pte=0x0000000087f497f8 va=0x0000003fc0000000 pa=0x0000000087f48000 V
    +-- 511: pte=0x0000000087f48ff8 va=0x0000003fffe00000 pa=0x0000000087f47000 V
        +-- 510: pte=0x0000000087f47ff0 va=0x0000003fffffe000 pa=0x0000000087f65000 V R W D
        +-- 511: pte=0x0000000087f47ff8 va=0x0000003ffffff000 pa=0x0000000080007000 V R X
Page replacement buffers
------Start------------
pte: 0x0000000087f44078
pte: 0x0000000087f44110
pte: 0x0000000087f44118
pte: 0x0000000087f44068
pte: 0x0000000087f44080
pte: 0x0000000087f44070
pte: 0x0000000087f44060
pte: 0x0000000087f44058
------End--------------
After madvise(MADV_PIN) 10
page table 0x0000000087f49000
+-- 0: pte=0x0000000087f49000 va=0x0000000000000000 pa=0x0000000087f45000 V
|   +-- 0: pte=0x0000000087f45000 va=0x0000000000000000 pa=0x0000000087f44000 V
|       +-- 0: pte=0x0000000087f44000 va=0x0000000000000000 pa=0x0000000087f46000 V R W X U D
|       +-- 1: pte=0x0000000087f44008 va=0x0000000000001000 pa=0x0000000087f43000 V R W X
|       +-- 2: pte=0x0000000087f44010 va=0x0000000000002000 pa=0x0000000087f42000 V R W X U D
|       +-- 3: pte=0x0000000087f44018 va=0x0000000000003000 pa=0x0000000087f4a000 V R W X U D
|       +-- 4: pte=0x0000000087f44020 va=0x0000000000004000 pa=0x0000000087f76000 V R W X U
|       +-- 5: pte=0x0000000087f44028 va=0x0000000000005000 pa=0x0000000087f75000 V R W X U
|       +-- 6: pte=0x0000000087f44030 va=0x0000000000006000 blockno=0x0000000000000370 R W X U S
|       +-- 7: pte=0x0000000087f44038 va=0x0000000000007000 pa=0x0000000087f73000 V R W X U
|       +-- 8: pte=0x0000000087f44040 va=0x0000000000008000 pa=0x0000000087f66000 V R W X U
|       +-- 9: pte=0x0000000087f44048 va=0x0000000000009000 pa=0x0000000087f4b000 V R W X U
|       +-- 10: pte=0x0000000087f44050 va=0x000000000000a000 pa=0x0000000087f4c000 V R W X U P
|       +-- 11: pte=0x0000000087f44058 va=0x000000000000b000 pa=0x0000000087f4d000 V R W X U P
|       +-- 12: pte=0x0000000087f44060 va=0x000000000000c000 pa=0x0000000087f4e000 V R W X U P
|       +-- 13: pte=0x0000000087f44068 va=0x000000000000d000 pa=0x0000000087f4f000 V R W X U D P
|       +-- 14: pte=0x0000000087f44070 va=0x000000000000e000 pa=0x0000000087f50000 V R W X U P
|       +-- 15: pte=0x0000000087f44078 va=0x000000000000f000 pa=0x0000000087f51000 V R W X U P
|       +-- 16: pte=0x0000000087f44080 va=0x0000000000010000 pa=0x0000000087f52000 V R W X U P
|       +-- 17: pte=0x0000000087f44088 va=0x0000000000011000 pa=0x0000000087f53000 V R W X U
|       +-- 18: pte=0x0000000087f44090 va=0x0000000000012000 pa=0x0000000087f54000 V R W X U
|       +-- 19: pte=0x0000000087f44098 va=0x0000000000013000 pa=0x0000000087f55000 V R W X U D
|       +-- 20: pte=0x0000000087f440a0 va=0x0000000000014000 pa=0x0000000087f56000 V R W X U
|       +-- 21: pte=0x0000000087f440a8 va=0x0000000000015000 pa=0x0000000087f57000 V R W X U
|       +-- 22: pte=0x0000000087f440b0 va=0x0000000000016000 pa=0x0000000087f58000 V R W X U
|       +-- 23: pte=0x0000000087f440b8 va=0x0000000000017000 pa=0x0000000087f59000 V R W X U
|       +-- 24: pte=0x0000000087f440c0 va=0x0000000000018000 pa=0x0000000087f5a000 V R W X U
|       +-- 25: pte=0x0000000087f440c8 va=0x0000000000019000 pa=0x0000000087f5b000 V R W X U
|       +-- 26: pte=0x0000000087f440d0 va=0x000000000001a000 pa=0x0000000087f72000 V R W X U
|       +-- 27: pte=0x0000000087f440d8 va=0x000000000001b000 pa=0x0000000087f67000 V R W X U
|       +-- 28: pte=0x0000000087f440e0 va=0x000000000001c000 pa=0x0000000087f71000 V R W X U
|       +-- 29: pte=0x0000000087f440e8 va=0x000000000001d000 pa=0x0000000087f41000 V R W X U
|       +-- 30: pte=0x0000000087f440f0 va=0x000000000001e000 pa=0x0000000087f40000 V R W X U
|       +-- 31: pte=0x0000000087f440f8 va=0x000000000001f000 pa=0x0000000087f3f000 V R W X U
|       +-- 32: pte=0x0000000087f44100 va=0x0000000000020000 pa=0x0000000087f3e000 V R W X U
|       +-- 33: pte=0x0000000087f44108 va=0x0000000000021000 pa=0x0000000087f3d000 V R W X U D
|       +-- 34: pte=0x0000000087f44110 va=0x0000000000022000 pa=0x0000000087f3c000 V R W X U
|       +-- 35: pte=0x0000000087f44118 va=0x0000000000023000 pa=0x0000000087f3b000 V R W X U
+-- 255: pte=0x0000000087f497f8 va=0x0000003fc0000000 pa=0x0000000087f48000 V
    +-- 511: pte=0x0000000087f48ff8 va=0x0000003fffe00000 pa=0x0000000087f47000 V
        +-- 510: pte=0x0000000087f47ff0 va=0x0000003fffffe000 pa=0x0000000087f65000 V R W D
        +-- 511: pte=0x0000000087f47ff8 va=0x0000003ffffff000 pa=0x0000000080007000 V R X
Page replacement buffers
------Start------------
pte: 0x0000000087f44078
pte: 0x0000000087f44118
pte: 0x0000000087f44068
pte: 0x0000000087f44080
pte: 0x0000000087f44070
pte: 0x0000000087f44060
pte: 0x0000000087f44058
pte: 0x0000000087f44050
------End--------------
After madvise(MADV_PIN) 9
page table 0x0000000087f49000
+-- 0: pte=0x0000000087f49000 va=0x0000000000000000 pa=0x0000000087f45000 V
|   +-- 0: pte=0x0000000087f45000 va=0x0000000000000000 pa=0x0000000087f44000 V
|       +-- 0: pte=0x0000000087f44000 va=0x0000000000000000 pa=0x0000000087f46000 V R W X U D
|       +-- 1: pte=0x0000000087f44008 va=0x0000000000001000 pa=0x0000000087f43000 V R W X
|       +-- 2: pte=0x0000000087f44010 va=0x0000000000002000 pa=0x0000000087f42000 V R W X U D
|       +-- 3: pte=0x0000000087f44018 va=0x0000000000003000 pa=0x0000000087f4a000 V R W X U D
|       +-- 4: pte=0x0000000087f44020 va=0x0000000000004000 pa=0x0000000087f76000 V R W X U
|       +-- 5: pte=0x0000000087f44028 va=0x0000000000005000 pa=0x0000000087f75000 V R W X U
|       +-- 6: pte=0x0000000087f44030 va=0x0000000000006000 blockno=0x0000000000000370 R W X U S
|       +-- 7: pte=0x0000000087f44038 va=0x0000000000007000 pa=0x0000000087f73000 V R W X U
|       +-- 8: pte=0x0000000087f44040 va=0x0000000000008000 pa=0x0000000087f66000 V R W X U
|       +-- 9: pte=0x0000000087f44048 va=0x0000000000009000 pa=0x0000000087f4b000 V R W X U P
|       +-- 10: pte=0x0000000087f44050 va=0x000000000000a000 pa=0x0000000087f4c000 V R W X U P
|       +-- 11: pte=0x0000000087f44058 va=0x000000000000b000 pa=0x0000000087f4d000 V R W X U P
|       +-- 12: pte=0x0000000087f44060 va=0x000000000000c000 pa=0x0000000087f4e000 V R W X U P
|       +-- 13: pte=0x0000000087f44068 va=0x000000000000d000 pa=0x0000000087f4f000 V R W X U D P
|       +-- 14: pte=0x0000000087f44070 va=0x000000000000e000 pa=0x0000000087f50000 V R W X U P
|       +-- 15: pte=0x0000000087f44078 va=0x000000000000f000 pa=0x0000000087f51000 V R W X U P
|       +-- 16: pte=0x0000000087f44080 va=0x0000000000010000 pa=0x0000000087f52000 V R W X U P
|       +-- 17: pte=0x0000000087f44088 va=0x0000000000011000 pa=0x0000000087f53000 V R W X U
|       +-- 18: pte=0x0000000087f44090 va=0x0000000000012000 pa=0x0000000087f54000 V R W X U
|       +-- 19: pte=0x0000000087f44098 va=0x0000000000013000 pa=0x0000000087f55000 V R W X U D
|       +-- 20: pte=0x0000000087f440a0 va=0x0000000000014000 pa=0x0000000087f56000 V R W X U
|       +-- 21: pte=0x0000000087f440a8 va=0x0000000000015000 pa=0x0000000087f57000 V R W X U
|       +-- 22: pte=0x0000000087f440b0 va=0x0000000000016000 pa=0x0000000087f58000 V R W X U
|       +-- 23: pte=0x0000000087f440b8 va=0x0000000000017000 pa=0x0000000087f59000 V R W X U
|       +-- 24: pte=0x0000000087f440c0 va=0x0000000000018000 pa=0x0000000087f5a000 V R W X U
|       +-- 25: pte=0x0000000087f440c8 va=0x0000000000019000 pa=0x0000000087f5b000 V R W X U
|       +-- 26: pte=0x0000000087f440d0 va=0x000000000001a000 pa=0x0000000087f72000 V R W X U
|       +-- 27: pte=0x0000000087f440d8 va=0x000000000001b000 pa=0x0000000087f67000 V R W X U
|       +-- 28: pte=0x0000000087f440e0 va=0x000000000001c000 pa=0x0000000087f71000 V R W X U
|       +-- 29: pte=0x0000000087f440e8 va=0x000000000001d000 pa=0x0000000087f41000 V R W X U
|       +-- 30: pte=0x0000000087f440f0 va=0x000000000001e000 pa=0x0000000087f40000 V R W X U
|       +-- 31: pte=0x0000000087f440f8 va=0x000000000001f000 pa=0x0000000087f3f000 V R W X U
|       +-- 32: pte=0x0000000087f44100 va=0x0000000000020000 pa=0x0000000087f3e000 V R W X U
|       +-- 33: pte=0x0000000087f44108 va=0x0000000000021000 pa=0x0000000087f3d000 V R W X U D
|       +-- 34: pte=0x0000000087f44110 va=0x0000000000022000 pa=0x0000000087f3c000 V R W X U
|       +-- 35: pte=0x0000000087f44118 va=0x0000000000023000 pa=0x0000000087f3b000 V R W X U
+-- 255: pte=0x0000000087f497f8 va=0x0000003fc0000000 pa=0x0000000087f48000 V
    +-- 511: pte=0x0000000087f48ff8 va=0x0000003fffe00000 pa=0x0000000087f47000 V
        +-- 510: pte=0x0000000087f47ff0 va=0x0000003fffffe000 pa=0x0000000087f65000 V R W D
        +-- 511: pte=0x0000000087f47ff8 va=0x0000003ffffff000 pa=0x0000000080007000 V R X
Page replacement buffers
------Start------------
pte: 0x0000000087f44078
pte: 0x0000000087f44068
pte: 0x0000000087f44080
pte: 0x0000000087f44070
pte: 0x0000000087f44060
pte: 0x0000000087f44058
pte: 0x0000000087f44050
pte: 0x0000000087f44048
------End--------------
After madvise(MADV_WILLNEED) 17
page table 0x0000000087f49000
+-- 0: pte=0x0000000087f49000 va=0x0000000000000000 pa=0x0000000087f45000 V
|   +-- 0: pte=0x0000000087f45000 va=0x0000000000000000 pa=0x0000000087f44000 V
|       +-- 0: pte=0x0000000087f44000 va=0x0000000000000000 pa=0x0000000087f46000 V R W X U D
|       +-- 1: pte=0x0000000087f44008 va=0x0000000000001000 pa=0x0000000087f43000 V R W X
|       +-- 2: pte=0x0000000087f44010 va=0x0000000000002000 pa=0x0000000087f42000 V R W X U D
|       +-- 3: pte=0x0000000087f44018 va=0x0000000000003000 pa=0x0000000087f4a000 V R W X U D
|       +-- 4: pte=0x0000000087f44020 va=0x0000000000004000 pa=0x0000000087f76000 V R W X U
|       +-- 5: pte=0x0000000087f44028 va=0x0000000000005000 pa=0x0000000087f75000 V R W X U
|       +-- 6: pte=0x0000000087f44030 va=0x0000000000006000 blockno=0x0000000000000370 R W X U S
|       +-- 7: pte=0x0000000087f44038 va=0x0000000000007000 pa=0x0000000087f73000 V R W X U
|       +-- 8: pte=0x0000000087f44040 va=0x0000000000008000 pa=0x0000000087f66000 V R W X U
|       +-- 9: pte=0x0000000087f44048 va=0x0000000000009000 pa=0x0000000087f4b000 V R W X U P
|       +-- 10: pte=0x0000000087f44050 va=0x000000000000a000 pa=0x0000000087f4c000 V R W X U P
|       +-- 11: pte=0x0000000087f44058 va=0x000000000000b000 pa=0x0000000087f4d000 V R W X U P
|       +-- 12: pte=0x0000000087f44060 va=0x000000000000c000 pa=0x0000000087f4e000 V R W X U P
|       +-- 13: pte=0x0000000087f44068 va=0x000000000000d000 pa=0x0000000087f4f000 V R W X U D P
|       +-- 14: pte=0x0000000087f44070 va=0x000000000000e000 pa=0x0000000087f50000 V R W X U P
|       +-- 15: pte=0x0000000087f44078 va=0x000000000000f000 pa=0x0000000087f51000 V R W X U P
|       +-- 16: pte=0x0000000087f44080 va=0x0000000000010000 pa=0x0000000087f52000 V R W X U P
|       +-- 17: pte=0x0000000087f44088 va=0x0000000000011000 pa=0x0000000087f53000 V R W X U
|       +-- 18: pte=0x0000000087f44090 va=0x0000000000012000 pa=0x0000000087f54000 V R W X U
|       +-- 19: pte=0x0000000087f44098 va=0x0000000000013000 pa=0x0000000087f55000 V R W X U D
|       +-- 20: pte=0x0000000087f440a0 va=0x0000000000014000 pa=0x0000000087f56000 V R W X U
|       +-- 21: pte=0x0000000087f440a8 va=0x0000000000015000 pa=0x0000000087f57000 V R W X U
|       +-- 22: pte=0x0000000087f440b0 va=0x0000000000016000 pa=0x0000000087f58000 V R W X U
|       +-- 23: pte=0x0000000087f440b8 va=0x0000000000017000 pa=0x0000000087f59000 V R W X U
|       +-- 24: pte=0x0000000087f440c0 va=0x0000000000018000 pa=0x0000000087f5a000 V R W X U
|       +-- 25: pte=0x0000000087f440c8 va=0x0000000000019000 pa=0x0000000087f5b000 V R W X U
|       +-- 26: pte=0x0000000087f440d0 va=0x000000000001a000 pa=0x0000000087f72000 V R W X U
|       +-- 27: pte=0x0000000087f440d8 va=0x000000000001b000 pa=0x0000000087f67000 V R W X U
|       +-- 28: pte=0x0000000087f440e0 va=0x000000000001c000 pa=0x0000000087f71000 V R W X U
|       +-- 29: pte=0x0000000087f440e8 va=0x000000000001d000 pa=0x0000000087f41000 V R W X U
|       +-- 30: pte=0x0000000087f440f0 va=0x000000000001e000 pa=0x0000000087f40000 V R W X U
|       +-- 31: pte=0x0000000087f440f8 va=0x000000000001f000 pa=0x0000000087f3f000 V R W X U
|       +-- 32: pte=0x0000000087f44100 va=0x0000000000020000 pa=0x0000000087f3e000 V R W X U
|       +-- 33: pte=0x0000000087f44108 va=0x0000000000021000 pa=0x0000000087f3d000 V R W X U D
|       +-- 34: pte=0x0000000087f44110 va=0x0000000000022000 pa=0x0000000087f3c000 V R W X U
|       +-- 35: pte=0x0000000087f44118 va=0x0000000000023000 pa=0x0000000087f3b000 V R W X U
+-- 255: pte=0x0000000087f497f8 va=0x0000003fc0000000 pa=0x0000000087f48000 V
    +-- 511: pte=0x0000000087f48ff8 va=0x0000003fffe00000 pa=0x0000000087f47000 V
        +-- 510: pte=0x0000000087f47ff0 va=0x0000003fffffe000 pa=0x0000000087f65000 V R W D
        +-- 511: pte=0x0000000087f47ff8 va=0x0000003ffffff000 pa=0x0000000080007000 V R X
Page replacement buffers
------Start------------
pte: 0x0000000087f44078
pte: 0x0000000087f44068
pte: 0x0000000087f44080
pte: 0x0000000087f44070
pte: 0x0000000087f44060
pte: 0x0000000087f44058
pte: 0x0000000087f44050
pte: 0x0000000087f44048
------End--------------
$ qemu-system-riscv64: terminating on signal 15 from pid 31498 (make)
